Arguments: 
  /home/doel/.nvm/versions/node/v9.5.0/bin/node /usr/share/yarn/bin/yarn.js

PATH: 
  /home/doel/.jabba/jdk/1.8.202/bin:/home/doel/.nvm/versions/node/v9.5.0/bin:/usr/local/sbin:/usr/local/bin:/usr/sbin:/usr/bin:/sbin:/bin:/usr/games:/usr/local/games:/snap/bin

Yarn version: 
  1.10.1

Node version: 
  9.5.0

Platform: 
  linux x64

Trace: 
  Error: https://github.com/expo/react-native/archive/sdk-32.0.0.tar.gz: ESOCKETTIMEDOUT
      at ClientRequest.<anonymous> (/usr/share/yarn/lib/cli.js:120793:19)
      at Object.onceWrapper (events.js:255:19)
      at ClientRequest.emit (events.js:160:13)
      at TLSSocket.emitTimeout (_http_client.js:702:34)
      at Object.onceWrapper (events.js:255:19)
      at TLSSocket.emit (events.js:160:13)
      at TLSSocket.Socket._onTimeout (net.js:415:8)
      at ontimeout (timers.js:458:11)
      at tryOnTimeout (timers.js:296:5)
      at Timer.listOnTimeout (timers.js:259:5)

npm manifest: 
  {
    "main": "node_modules/expo/AppEntry.js",
    "scripts": {
      "start": "expo start",
      "android": "expo start --android",
      "ios": "expo start --ios",
      "eject": "expo eject",
      "test": "node ./node_modules/jest/bin/jest.js --watchAll",
      "cucumber": "node ./node_modules/.bin/cucumber-js"
    },
    "jest": {
      "preset": "jest-expo"
    },
    "dependencies": {
      "@expo/samples": "2.1.1",
      "expo": "^32.0.0",
      "react": "16.5.0",
      "react-native": "https://github.com/expo/react-native/archive/sdk-32.0.0.tar.gz",
      "react-native-vector-icons": "^6.2.0",
      "react-navigation": "^3.0.9",
      "react-redux": "^6.0.0",
      "redux": "^4.0.1"
    },
    "devDependencies": {
      "babel-preset-expo": "^5.0.0",
      "cucumber": "^5.1.0",
      "jest-expo": "^32.0.0",
      "reactotron-react-native": "^2.1.5"
    },
    "private": true
  }

yarn manifest: 
  No manifest

Lockfile: 
  No lockfile
